<?xml version="1.0" encoding="UTF-8"?>
<!-- Generated by org.testng.reporters.JUnitReportReporter -->
<testsuite hostname="NU14A1" failures="0" tests="1" name="test.Logintest" time="111.236" errors="0" timestamp="2023-07-06T15:13:01 IST" skipped="0">
  <testcase classname="test.Logintest" name="test" time="111.236"/>
  <system-out/>
</testsuite> <!-- test.Logintest -->
